[38;5;112m[Appium][0m Welcome to Appium v2.10.3
[38;5;112m[Appium][0m Non-default server args:
[38;5;112m[Appium][0m { basePath: [32m'/wd/hub'[39m, loglevel: [32m'info'[39m, port: [33m53646[39m }
[38;5;112m[Appium][0m Attempting to load driver uiautomator2...
[38;5;112m[Appium][0m Appium REST http interface listener started on http://0.0.0.0:53646/wd/hub
[38;5;112m[Appium][0m You can provide the following URLs in your client code to connect to this server:
	http://192.168.56.1:53646/wd/hub
	http://192.168.185.2:53646/wd/hub
	http://192.168.4.205:53646/wd/hub
	http://127.0.0.1:53646/wd/hub (only accessible from the same host)
[38;5;112m[Appium][0m Available drivers:
[38;5;112m[Appium][0m   - uiautomator2@3.6.1 (automationName 'UiAutomator2')
[38;5;112m[Appium][0m No plugins have been installed. Use the "appium plugin" command to install the one(s) you want to use.
[38;5;86m[HTTP][0m [37m-->[39m [37mGET[39m [37m/wd/hub/status[39m [90m{}[39m
[38;5;86m[HTTP][0m [37m<-- GET /wd/hub/status [39m[32m200[39m [90m11 ms - 111[39m [90m[39m
[38;5;86m[HTTP][0m [37m-->[39m [37mPOST[39m [37m/wd/hub/session[39m [90m{"desiredCapabilities":{"appium:systemPort":8277,"appium:udid":"259f8df5","appium:autoGrantPermissions":true,"appium:newCommandTimeout":1800,"appium:platformName":"ANDROID","appium:appActivity":".Settings","appium:deviceName":"Xiaomi 23021RAA2Y (Android 14)","platformName":"Android","appium:automationName":"uiautomator2","appium:platformVersion":"14","appium:appPackage":"com.android.settings"},"capabilities":{"firstMatch":[{"appium:appActivity":".Settings","appium:appPackage":"com.android.settings","appium:autoGrantPermissions":true,"appium:automationName":"uiautomator2","appium:deviceName":"Xiaomi 23021RAA2Y (Android 14)","appium:newCommandTimeout":1800,"appium:platformName":"ANDROID","appium:platformVersion":"14","appium:systemPort":8277,"appium:udid":"259f8df5","platformName":"android"}]}}[39m
[38;5;123m[BaseDriver][0m Ignoring capability 'appium:platformName=ANDROID' and using capability 'platformName=android'
[38;5;123m[BaseDriver][0m The capabilities ["platformName"] are standard capabilities and do not require "appium:" prefix
[38;5;112m[Appium][0m Attempting to find matching driver for automationName 'uiautomator2' and platformName 'android'
[38;5;112m[Appium][0m The 'uiautomator2' driver was installed and matched caps.
[38;5;112m[Appium][0m Will require it at C:\Users\0725\.appium\node_modules\appium-uiautomator2-driver
[38;5;164m[AppiumDriver@f23e][0m Appium v2.10.3 creating new AndroidUiautomator2Driver (v3.6.1) session
[38;5;164m[AppiumDriver@f23e][0m Checking BaseDriver versions for Appium and AndroidUiautomator2Driver
[38;5;164m[AppiumDriver@f23e][0m Appium's BaseDriver version is 9.10.3
[38;5;164m[AppiumDriver@f23e][0m AndroidUiautomator2Driver's BaseDriver version is 9.10.3
[38;5;-135m[AndroidUiautomator2Driver@d37d][0m Session created with session id: 41071db4-62a0-4dc3-9eae-25a0a655ff62
[38;5;229m[ADB][0m Found 1 'build-tools' folders under 'C:\Users\0725\.katalon\tools\android_sdk' (newest first):
[38;5;229m[ADB][0m     C:\Users\0725\.katalon\tools\android_sdk\build-tools\29.0.3
[38;5;229m[ADB][0m Using 'adb.exe' from 'C:\Users\0725\.katalon\tools\android_sdk\platform-tools\adb.exe'
[38;5;-135m[AndroidUiautomator2Driver@d37d][0m Retrieving device list
[38;5;-135m[AndroidUiautomator2Driver@d37d][0m Using device: 259f8df5
[38;5;229m[ADB][0m Using 'adb.exe' from 'C:\Users\0725\.katalon\tools\android_sdk\platform-tools\adb.exe'
[38;5;-135m[AndroidUiautomator2Driver@d37d][0m Starting 'com.android.settings' directly on the device
[38;5;229m[ADB][0m Getting device platform version
[38;5;-135m[AndroidUiautomator2Driver@d37d][0m Relaxing hidden api policy
[38;5;-135m[AndroidUiautomator2Driver@d37d][0m No app sent in, not parsing package/activity
[38;5;-135m[AndroidUiautomator2Driver@d37d][0m Server packages are not going to be (re)installed
[38;5;229m[ADB][0m Adding packages ["io.appium.settings","io.appium.uiautomator2.server","io.appium.uiautomator2.server.test"] to Doze whitelist
[38;5;-135m[AndroidUiautomator2Driver@d37d][0m Starting UIAutomator2 server 7.0.14
[38;5;-135m[AndroidUiautomator2Driver@d37d][0m Using UIAutomator2 server from 'C:\Users\0725\.appium\node_modules\appium-uiautomator2-driver\node_modules\appium-uiautomator2-server\apks\appium-uiautomator2-server-v7.0.14.apk' and test from 'C:\Users\0725\.appium\node_modules\appium-uiautomator2-driver\node_modules\appium-uiautomator2-server\apks\appium-uiautomator2-server-debug-androidTest.apk'
[38;5;-135m[AndroidUiautomator2Driver@d37d][0m Waiting up to 30000ms for UiAutomator2 to be online...
[38;5;-135m[AndroidUiautomator2Driver@d37d][0m socket hang up
[38;5;-135m[AndroidUiautomator2Driver@d37d][0m socket hang up
[38;5;-135m[AndroidUiautomator2Driver@d37d][0m socket hang up
[38;5;-135m[AndroidUiautomator2Driver@d37d][0m Determined the downstream protocol as 'W3C'
[38;5;-135m[AndroidUiautomator2Driver@d37d][0m Screen already unlocked, doing nothing
[38;5;-135m[AndroidUiautomator2Driver@d37d][0m Starting 'com.android.settings/.Settings and waiting for 'com.android.settings/.Settings'
[38;5;164m[AppiumDriver@f23e][0m New AndroidUiautomator2Driver session created successfully, session 41071db4-62a0-4dc3-9eae-25a0a655ff62 added to master session list
[38;5;86m[HTTP][0m [37m<-- POST /wd/hub/session [39m[32m200[39m [90m7618 ms - 1079[39m [90m[39m
[38;5;147m[41071db4][0m[38;5;86m[HTTP][0m [37m-->[39m [37mGET[39m [37m/wd/hub/session/41071db4-62a0-4dc3-9eae-25a0a655ff62[39m [90m{}[39m
[38;5;147m[41071db4][0m[38;5;86m[HTTP][0m [37m<-- GET /wd/hub/session/41071db4-62a0-4dc3-9eae-25a0a655ff62 [39m[32m200[39m [90m17 ms - 310[39m [90m[39m
[38;5;147m[41071db4][0m[38;5;86m[HTTP][0m [37m-->[39m [37mGET[39m [37m/wd/hub/session/41071db4-62a0-4dc3-9eae-25a0a655ff62[39m [90m{}[39m
[38;5;147m[41071db4][0m[38;5;86m[HTTP][0m [37m<-- GET /wd/hub/session/41071db4-62a0-4dc3-9eae-25a0a655ff62 [39m[32m200[39m [90m12 ms - 310[39m [90m[39m
[38;5;86m[HTTP][0m [37m-->[39m [37mGET[39m [37m/wd/hub/status[39m [90m{}[39m
[38;5;86m[HTTP][0m [37m<-- GET /wd/hub/status [39m[32m200[39m [90m1 ms - 111[39m [90m[39m
[38;5;147m[41071db4][0m[38;5;86m[HTTP][0m [37m-->[39m [37mPOST[39m [37m/wd/hub/session/41071db4-62a0-4dc3-9eae-25a0a655ff62/timeouts[39m [90m{"implicit":30000}[39m
[38;5;147m[41071db4][0m[38;5;86m[HTTP][0m [37m<-- POST /wd/hub/session/41071db4-62a0-4dc3-9eae-25a0a655ff62/timeouts [39m[32m200[39m [90m2 ms - 14[39m [90m[39m
[38;5;147m[41071db4][0m[38;5;86m[HTTP][0m [37m-->[39m [37mGET[39m [37m/wd/hub/session/41071db4-62a0-4dc3-9eae-25a0a655ff62/appium/device/system_bars[39m [90m{}[39m
[38;5;147m[41071db4][0m[38;5;86m[HTTP][0m [37m<-- GET /wd/hub/session/41071db4-62a0-4dc3-9eae-25a0a655ff62/appium/device/system_bars [39m[32m200[39m [90m121 ms - 151[39m [90m[39m
[38;5;147m[41071db4][0m[38;5;86m[HTTP][0m [37m-->[39m [37mPOST[39m [37m/wd/hub/session/41071db4-62a0-4dc3-9eae-25a0a655ff62/appium/device/activate_app[39m [90m{"bundleId":"com.miui.notes"}[39m
[38;5;147m[41071db4][0m[38;5;86m[HTTP][0m [37m<-- POST /wd/hub/session/41071db4-62a0-4dc3-9eae-25a0a655ff62/appium/device/activate_app [39m[32m200[39m [90m178 ms - 14[39m [90m[39m
[38;5;147m[41071db4][0m[38;5;86m[HTTP][0m [37m-->[39m [37mPOST[39m [37m/wd/hub/session/41071db4-62a0-4dc3-9eae-25a0a655ff62/timeouts[39m [90m{"implicit":50}[39m
[38;5;147m[41071db4][0m[38;5;86m[HTTP][0m [37m<-- POST /wd/hub/session/41071db4-62a0-4dc3-9eae-25a0a655ff62/timeouts [39m[32m200[39m [90m2 ms - 14[39m [90m[39m
[38;5;147m[41071db4][0m[38;5;86m[HTTP][0m [37m-->[39m [37mGET[39m [37m/wd/hub/session/41071db4-62a0-4dc3-9eae-25a0a655ff62/window/rect[39m [90m{}[39m
[38;5;147m[41071db4][0m[38;5;86m[HTTP][0m [37m<-- GET /wd/hub/session/41071db4-62a0-4dc3-9eae-25a0a655ff62/window/rect [39m[32m200[39m [90m15 ms - 50[39m [90m[39m
[38;5;147m[41071db4][0m[38;5;86m[HTTP][0m [37m-->[39m [37mPOST[39m [37m/wd/hub/session/41071db4-62a0-4dc3-9eae-25a0a655ff62/elements[39m [90m{"using":"xpath","value":"//*[@class = 'android.widget.ImageView' and @resource-id = 'com.miui.notes:id/note_add' and (@text = '' or . = '')]"}[39m
[38;5;147m[41071db4][0m[38;5;86m[HTTP][0m [37m<-- POST /wd/hub/session/41071db4-62a0-4dc3-9eae-25a0a655ff62/elements [39m[32m200[39m [90m2471 ms - 139[39m [90m[39m
[38;5;147m[41071db4][0m[38;5;86m[HTTP][0m [37m-->[39m [37mGET[39m [37m/wd/hub/session/41071db4-62a0-4dc3-9eae-25a0a655ff62/element/00000000-0000-006e-ffff-ffff00000052/location[39m [90m{}[39m
[38;5;147m[41071db4][0m[38;5;-135m[AndroidUiautomator2Driver@d37d][0m Driver proxy active, passing request on via HTTP proxy
[38;5;147m[41071db4][0m[38;5;-135m[AndroidUiautomator2Driver@d37d][0m Replacing sessionId ae8a7c51-e061-404a-befb-c1590e9d2167 with 41071db4-62a0-4dc3-9eae-25a0a655ff62
[38;5;147m[41071db4][0m[38;5;86m[HTTP][0m [37m<-- GET /wd/hub/session/41071db4-62a0-4dc3-9eae-25a0a655ff62/element/00000000-0000-006e-ffff-ffff00000052/location [39m[32m200[39m [90m27 ms - 79[39m [90m[39m
[38;5;147m[41071db4][0m[38;5;86m[HTTP][0m [37m-->[39m [37mPOST[39m [37m/wd/hub/session/41071db4-62a0-4dc3-9eae-25a0a655ff62/timeouts[39m [90m{"implicit":30000}[39m
[38;5;147m[41071db4][0m[38;5;86m[HTTP][0m [37m<-- POST /wd/hub/session/41071db4-62a0-4dc3-9eae-25a0a655ff62/timeouts [39m[32m200[39m [90m2 ms - 14[39m [90m[39m
[38;5;147m[41071db4][0m[38;5;86m[HTTP][0m [37m-->[39m [37mPOST[39m [37m/wd/hub/session/41071db4-62a0-4dc3-9eae-25a0a655ff62/element/00000000-0000-006e-ffff-ffff00000052/click[39m [90m{"id":"00000000-0000-006e-ffff-ffff00000052"}[39m
[38;5;147m[41071db4][0m[38;5;86m[HTTP][0m [37m<-- POST /wd/hub/session/41071db4-62a0-4dc3-9eae-25a0a655ff62/element/00000000-0000-006e-ffff-ffff00000052/click [39m[32m200[39m [90m72 ms - 14[39m [90m[39m
[38;5;147m[41071db4][0m[38;5;86m[HTTP][0m [37m-->[39m [37mPOST[39m [37m/wd/hub/session/41071db4-62a0-4dc3-9eae-25a0a655ff62/timeouts[39m [90m{"implicit":50}[39m
[38;5;147m[41071db4][0m[38;5;86m[HTTP][0m [37m<-- POST /wd/hub/session/41071db4-62a0-4dc3-9eae-25a0a655ff62/timeouts [39m[32m200[39m [90m3 ms - 14[39m [90m[39m
[38;5;147m[41071db4][0m[38;5;86m[HTTP][0m [37m-->[39m [37mGET[39m [37m/wd/hub/session/41071db4-62a0-4dc3-9eae-25a0a655ff62/window/rect[39m [90m{}[39m
[38;5;147m[41071db4][0m[38;5;86m[HTTP][0m [37m<-- GET /wd/hub/session/41071db4-62a0-4dc3-9eae-25a0a655ff62/window/rect [39m[32m200[39m [90m15 ms - 50[39m [90m[39m
[38;5;147m[41071db4][0m[38;5;86m[HTTP][0m [37m-->[39m [37mPOST[39m [37m/wd/hub/session/41071db4-62a0-4dc3-9eae-25a0a655ff62/elements[39m [90m{"using":"xpath","value":"//*[@class = 'android.widget.EditText' and (@text = 'Title' or . = 'Title') and @resource-id = 'com.miui.notes:id/note_title']"}[39m
[38;5;147m[41071db4][0m[38;5;86m[HTTP][0m [37m<-- POST /wd/hub/session/41071db4-62a0-4dc3-9eae-25a0a655ff62/elements [39m[32m200[39m [90m2008 ms - 139[39m [90m[39m
[38;5;147m[41071db4][0m[38;5;86m[HTTP][0m [37m-->[39m [37mGET[39m [37m/wd/hub/session/41071db4-62a0-4dc3-9eae-25a0a655ff62/element/00000000-0000-0077-ffff-ffff000000e0/location[39m [90m{}[39m
[38;5;147m[41071db4][0m[38;5;-135m[AndroidUiautomator2Driver@d37d][0m Driver proxy active, passing request on via HTTP proxy
[38;5;147m[41071db4][0m[38;5;-135m[AndroidUiautomator2Driver@d37d][0m Replacing sessionId ae8a7c51-e061-404a-befb-c1590e9d2167 with 41071db4-62a0-4dc3-9eae-25a0a655ff62
[38;5;147m[41071db4][0m[38;5;86m[HTTP][0m [37m<-- GET /wd/hub/session/41071db4-62a0-4dc3-9eae-25a0a655ff62/element/00000000-0000-0077-ffff-ffff000000e0/location [39m[32m200[39m [90m30 ms - 77[39m [90m[39m
[38;5;147m[41071db4][0m[38;5;86m[HTTP][0m [37m-->[39m [37mPOST[39m [37m/wd/hub/session/41071db4-62a0-4dc3-9eae-25a0a655ff62/timeouts[39m [90m{"implicit":30000}[39m
[38;5;147m[41071db4][0m[38;5;86m[HTTP][0m [37m<-- POST /wd/hub/session/41071db4-62a0-4dc3-9eae-25a0a655ff62/timeouts [39m[32m200[39m [90m2 ms - 14[39m [90m[39m
[38;5;147m[41071db4][0m[38;5;86m[HTTP][0m [37m-->[39m [37mPOST[39m [37m/wd/hub/session/41071db4-62a0-4dc3-9eae-25a0a655ff62/element/00000000-0000-0077-ffff-ffff000000e0/clear[39m [90m{"id":"00000000-0000-0077-ffff-ffff000000e0"}[39m
[38;5;147m[41071db4][0m[38;5;86m[HTTP][0m [37m<-- POST /wd/hub/session/41071db4-62a0-4dc3-9eae-25a0a655ff62/element/00000000-0000-0077-ffff-ffff000000e0/clear [39m[32m200[39m [90m24 ms - 14[39m [90m[39m
[38;5;147m[41071db4][0m[38;5;86m[HTTP][0m [37m-->[39m [37mPOST[39m [37m/wd/hub/session/41071db4-62a0-4dc3-9eae-25a0a655ff62/element/00000000-0000-0077-ffff-ffff000000e0/click[39m [90m{"id":"00000000-0000-0077-ffff-ffff000000e0"}[39m
[38;5;147m[41071db4][0m[38;5;86m[HTTP][0m [37m<-- POST /wd/hub/session/41071db4-62a0-4dc3-9eae-25a0a655ff62/element/00000000-0000-0077-ffff-ffff000000e0/click [39m[32m200[39m [90m1230 ms - 14[39m [90m[39m
[38;5;147m[41071db4][0m[38;5;86m[HTTP][0m [37m-->[39m [37mPOST[39m [37m/wd/hub/session/41071db4-62a0-4dc3-9eae-25a0a655ff62/element/00000000-0000-0077-ffff-ffff000000e0/value[39m [90m{"id":"00000000-0000-0077-ffff-ffff000000e0","text":"Test","value":["T","e","s","t"]}[39m
[38;5;147m[41071db4][0m[38;5;86m[HTTP][0m [37m<-- POST /wd/hub/session/41071db4-62a0-4dc3-9eae-25a0a655ff62/element/00000000-0000-0077-ffff-ffff000000e0/value [39m[32m200[39m [90m680 ms - 14[39m [90m[39m
[38;5;147m[41071db4][0m[38;5;86m[HTTP][0m [37m-->[39m [37mPOST[39m [37m/wd/hub/session/41071db4-62a0-4dc3-9eae-25a0a655ff62/timeouts[39m [90m{"implicit":50}[39m
[38;5;147m[41071db4][0m[38;5;86m[HTTP][0m [37m<-- POST /wd/hub/session/41071db4-62a0-4dc3-9eae-25a0a655ff62/timeouts [39m[32m200[39m [90m2 ms - 14[39m [90m[39m
[38;5;147m[41071db4][0m[38;5;86m[HTTP][0m [37m-->[39m [37mGET[39m [37m/wd/hub/session/41071db4-62a0-4dc3-9eae-25a0a655ff62/window/rect[39m [90m{}[39m
[38;5;147m[41071db4][0m[38;5;86m[HTTP][0m [37m<-- GET /wd/hub/session/41071db4-62a0-4dc3-9eae-25a0a655ff62/window/rect [39m[32m200[39m [90m11 ms - 50[39m [90m[39m
[38;5;147m[41071db4][0m[38;5;86m[HTTP][0m [37m-->[39m [37mPOST[39m [37m/wd/hub/session/41071db4-62a0-4dc3-9eae-25a0a655ff62/elements[39m [90m{"using":"xpath","value":"//*[@class = 'android.widget.EditText' and (@text = 'Start typing  Create a mind map' or . = 'Start typing  Create a mind map') and @resource-id = 'com.miui.notes:id/rich_editor']"}[39m
[38;5;147m[41071db4][0m[38;5;86m[HTTP][0m [37m<-- POST /wd/hub/session/41071db4-62a0-4dc3-9eae-25a0a655ff62/elements [39m[32m200[39m [90m754 ms - 139[39m [90m[39m
[38;5;147m[41071db4][0m[38;5;86m[HTTP][0m [37m-->[39m [37mGET[39m [37m/wd/hub/session/41071db4-62a0-4dc3-9eae-25a0a655ff62/element/00000000-0000-0077-ffff-ffff000000ec/location[39m [90m{}[39m
[38;5;147m[41071db4][0m[38;5;-135m[AndroidUiautomator2Driver@d37d][0m Driver proxy active, passing request on via HTTP proxy
[38;5;147m[41071db4][0m[38;5;-135m[AndroidUiautomator2Driver@d37d][0m Replacing sessionId ae8a7c51-e061-404a-befb-c1590e9d2167 with 41071db4-62a0-4dc3-9eae-25a0a655ff62
[38;5;147m[41071db4][0m[38;5;86m[HTTP][0m [37m<-- GET /wd/hub/session/41071db4-62a0-4dc3-9eae-25a0a655ff62/element/00000000-0000-0077-ffff-ffff000000ec/location [39m[32m200[39m [90m34 ms - 77[39m [90m[39m
[38;5;147m[41071db4][0m[38;5;86m[HTTP][0m [37m-->[39m [37mPOST[39m [37m/wd/hub/session/41071db4-62a0-4dc3-9eae-25a0a655ff62/timeouts[39m [90m{"implicit":30000}[39m
[38;5;147m[41071db4][0m[38;5;86m[HTTP][0m [37m<-- POST /wd/hub/session/41071db4-62a0-4dc3-9eae-25a0a655ff62/timeouts [39m[32m200[39m [90m4 ms - 14[39m [90m[39m
[38;5;147m[41071db4][0m[38;5;86m[HTTP][0m [37m-->[39m [37mPOST[39m [37m/wd/hub/session/41071db4-62a0-4dc3-9eae-25a0a655ff62/element/00000000-0000-0077-ffff-ffff000000ec/clear[39m [90m{"id":"00000000-0000-0077-ffff-ffff000000ec"}[39m
[38;5;147m[41071db4][0m[38;5;86m[HTTP][0m [37m<-- POST /wd/hub/session/41071db4-62a0-4dc3-9eae-25a0a655ff62/element/00000000-0000-0077-ffff-ffff000000ec/clear [39m[32m200[39m [90m28 ms - 14[39m [90m[39m
[38;5;147m[41071db4][0m[38;5;86m[HTTP][0m [37m-->[39m [37mPOST[39m [37m/wd/hub/session/41071db4-62a0-4dc3-9eae-25a0a655ff62/element/00000000-0000-0077-ffff-ffff000000ec/click[39m [90m{"id":"00000000-0000-0077-ffff-ffff000000ec"}[39m
[38;5;147m[41071db4][0m[38;5;86m[HTTP][0m [37m<-- POST /wd/hub/session/41071db4-62a0-4dc3-9eae-25a0a655ff62/element/00000000-0000-0077-ffff-ffff000000ec/click [39m[32m200[39m [90m1777 ms - 14[39m [90m[39m
[38;5;147m[41071db4][0m[38;5;86m[HTTP][0m [37m-->[39m [37mPOST[39m [37m/wd/hub/session/41071db4-62a0-4dc3-9eae-25a0a655ff62/element/00000000-0000-0077-ffff-ffff000000ec/value[39m [90m{"id":"00000000-0000-0077-ffff-ffff000000ec","text":"Coba mobile","value":["C","o","b","a"," ","m","o","b","i","l","e"]}[39m
[38;5;147m[41071db4][0m[38;5;86m[HTTP][0m [37m<-- POST /wd/hub/session/41071db4-62a0-4dc3-9eae-25a0a655ff62/element/00000000-0000-0077-ffff-ffff000000ec/value [39m[32m200[39m [90m700 ms - 14[39m [90m[39m
[38;5;147m[41071db4][0m[38;5;86m[HTTP][0m [37m-->[39m [37mPOST[39m [37m/wd/hub/session/41071db4-62a0-4dc3-9eae-25a0a655ff62/timeouts[39m [90m{"implicit":50}[39m
[38;5;147m[41071db4][0m[38;5;86m[HTTP][0m [37m<-- POST /wd/hub/session/41071db4-62a0-4dc3-9eae-25a0a655ff62/timeouts [39m[32m200[39m [90m1 ms - 14[39m [90m[39m
[38;5;147m[41071db4][0m[38;5;86m[HTTP][0m [37m-->[39m [37mGET[39m [37m/wd/hub/session/41071db4-62a0-4dc3-9eae-25a0a655ff62/window/rect[39m [90m{}[39m
[38;5;147m[41071db4][0m[38;5;86m[HTTP][0m [37m<-- GET /wd/hub/session/41071db4-62a0-4dc3-9eae-25a0a655ff62/window/rect [39m[32m200[39m [90m15 ms - 50[39m [90m[39m
[38;5;147m[41071db4][0m[38;5;86m[HTTP][0m [37m-->[39m [37mPOST[39m [37m/wd/hub/session/41071db4-62a0-4dc3-9eae-25a0a655ff62/elements[39m [90m{"using":"xpath","value":"//*[@class = 'android.widget.ImageView' and @resource-id = 'com.miui.notes:id/done' and (@text = '' or . = '')]"}[39m
[38;5;147m[41071db4][0m[38;5;86m[HTTP][0m [37m<-- POST /wd/hub/session/41071db4-62a0-4dc3-9eae-25a0a655ff62/elements [39m[32m200[39m [90m856 ms - 139[39m [90m[39m
[38;5;147m[41071db4][0m[38;5;86m[HTTP][0m [37m-->[39m [37mGET[39m [37m/wd/hub/session/41071db4-62a0-4dc3-9eae-25a0a655ff62/element/00000000-0000-0077-ffff-ffff0000011a/location[39m [90m{}[39m
[38;5;147m[41071db4][0m[38;5;-135m[AndroidUiautomator2Driver@d37d][0m Driver proxy active, passing request on via HTTP proxy
[38;5;147m[41071db4][0m[38;5;-135m[AndroidUiautomator2Driver@d37d][0m Replacing sessionId ae8a7c51-e061-404a-befb-c1590e9d2167 with 41071db4-62a0-4dc3-9eae-25a0a655ff62
[38;5;147m[41071db4][0m[38;5;86m[HTTP][0m [37m<-- GET /wd/hub/session/41071db4-62a0-4dc3-9eae-25a0a655ff62/element/00000000-0000-0077-ffff-ffff0000011a/location [39m[32m200[39m [90m27 ms - 78[39m [90m[39m
[38;5;147m[41071db4][0m[38;5;86m[HTTP][0m [37m-->[39m [37mPOST[39m [37m/wd/hub/session/41071db4-62a0-4dc3-9eae-25a0a655ff62/timeouts[39m [90m{"implicit":30000}[39m
[38;5;147m[41071db4][0m[38;5;86m[HTTP][0m [37m<-- POST /wd/hub/session/41071db4-62a0-4dc3-9eae-25a0a655ff62/timeouts [39m[32m200[39m [90m3 ms - 14[39m [90m[39m
[38;5;147m[41071db4][0m[38;5;86m[HTTP][0m [37m-->[39m [37mPOST[39m [37m/wd/hub/session/41071db4-62a0-4dc3-9eae-25a0a655ff62/element/00000000-0000-0077-ffff-ffff0000011a/click[39m [90m{"id":"00000000-0000-0077-ffff-ffff0000011a"}[39m
[38;5;147m[41071db4][0m[38;5;86m[HTTP][0m [37m<-- POST /wd/hub/session/41071db4-62a0-4dc3-9eae-25a0a655ff62/element/00000000-0000-0077-ffff-ffff0000011a/click [39m[32m200[39m [90m63 ms - 14[39m [90m[39m
[38;5;147m[41071db4][0m[38;5;86m[HTTP][0m [37m-->[39m [37mGET[39m [37m/wd/hub/session/41071db4-62a0-4dc3-9eae-25a0a655ff62/context[39m [90m{}[39m
[38;5;147m[41071db4][0m[38;5;86m[HTTP][0m [37m<-- GET /wd/hub/session/41071db4-62a0-4dc3-9eae-25a0a655ff62/context [39m[32m200[39m [90m1 ms - 22[39m [90m[39m
[38;5;147m[41071db4][0m[38;5;86m[HTTP][0m [37m-->[39m [37mGET[39m [37m/wd/hub/session/41071db4-62a0-4dc3-9eae-25a0a655ff62/contexts[39m [90m{}[39m
[38;5;147m[41071db4][0m[38;5;86m[HTTP][0m [37m<-- GET /wd/hub/session/41071db4-62a0-4dc3-9eae-25a0a655ff62/contexts [39m[32m200[39m [90m278 ms - 24[39m [90m[39m
[38;5;147m[41071db4][0m[38;5;86m[HTTP][0m [37m-->[39m [37mPOST[39m [37m/wd/hub/session/41071db4-62a0-4dc3-9eae-25a0a655ff62/context[39m [90m{"name":"NATIVE_APP"}[39m
[38;5;147m[41071db4][0m[38;5;86m[HTTP][0m [37m<-- POST /wd/hub/session/41071db4-62a0-4dc3-9eae-25a0a655ff62/context [39m[32m200[39m [90m2 ms - 14[39m [90m[39m
[38;5;147m[41071db4][0m[38;5;86m[HTTP][0m [37m-->[39m [37mGET[39m [37m/wd/hub/session/41071db4-62a0-4dc3-9eae-25a0a655ff62/appium/device/current_package[39m [90m{}[39m
[38;5;147m[41071db4][0m[38;5;86m[HTTP][0m [37m<-- GET /wd/hub/session/41071db4-62a0-4dc3-9eae-25a0a655ff62/appium/device/current_package [39m[32m200[39m [90m72 ms - 26[39m [90m[39m
[38;5;147m[41071db4][0m[38;5;86m[HTTP][0m [37m-->[39m [37mPOST[39m [37m/wd/hub/session/41071db4-62a0-4dc3-9eae-25a0a655ff62/appium/device/terminate_app[39m [90m{"bundleId":"com.miui.notes"}[39m
[38;5;147m[41071db4][0m[38;5;-135m[AndroidUiautomator2Driver@d37d][0m Terminating 'com.miui.notes'
[38;5;147m[41071db4][0m[38;5;-135m[AndroidUiautomator2Driver@d37d][0m Querying the state of 'com.miui.notes'
[38;5;147m[41071db4][0m[38;5;-135m[AndroidUiautomator2Driver@d37d][0m 'com.miui.notes' has been successfully terminated
[38;5;147m[41071db4][0m[38;5;86m[HTTP][0m [37m<-- POST /wd/hub/session/41071db4-62a0-4dc3-9eae-25a0a655ff62/appium/device/terminate_app [39m[32m200[39m [90m654 ms - 14[39m [90m[39m
[38;5;147m[41071db4][0m[38;5;86m[HTTP][0m [37m-->[39m [37mPOST[39m [37m/wd/hub/session/41071db4-62a0-4dc3-9eae-25a0a655ff62/context[39m [90m{"name":"NATIVE_APP"}[39m
[38;5;147m[41071db4][0m[38;5;86m[HTTP][0m [37m<-- POST /wd/hub/session/41071db4-62a0-4dc3-9eae-25a0a655ff62/context [39m[32m200[39m [90m4 ms - 14[39m [90m[39m
[38;5;147m[41071db4][0m[38;5;86m[HTTP][0m [37m-->[39m [37mDELETE[39m [37m/wd/hub/session/41071db4-62a0-4dc3-9eae-25a0a655ff62[39m [90m{}[39m
[38;5;147m[41071db4][0m[38;5;164m[AppiumDriver@f23e][0m Removing session 41071db4-62a0-4dc3-9eae-25a0a655ff62 from our master session list
[38;5;147m[41071db4][0m[38;5;-135m[AndroidUiautomator2Driver@d37d][0m Restoring hidden api policy to the device default configuration
[38;5;147m[41071db4][0m[38;5;86m[HTTP][0m [37m<-- DELETE /wd/hub/session/41071db4-62a0-4dc3-9eae-25a0a655ff62 [39m[32m200[39m [90m561 ms - 14[39m [90m[39m
